MyApplication/tess-two/build/intermediates/manifest_merge_blame_file/debug/manifest-merger-blame-debug-report.txt
1<?xml version="1.0" encoding="utf-8"?>
2<!--
3 Copyright (C) 2011 Google Inc.
4
5     Licensed under the Apache License, Version 2.0 (the "License");
6     you may not use this file except in compliance with the License.
7     You may obtain a copy of the License at
8
9          http://www.apache.org/licenses/LICENSE-2.0
10
11     Unless required by applicable law or agreed to in writing, software
12     distributed under the License is distributed on an "AS IS" BASIS,
13     WITHOUT WARRANTIES OR CONDITIONS OF ANY KIND, either express or implied.
14     See the License for the specific language governing permissions and
15     limitations under the License.
16-->
17<manifest xmlns:android="http://schemas.android.com/apk/res/android"
18    package="com.googlecode.tesseract.android"
19    android:versionCode="1"
20    android:versionName="1.0" >
21
22    <uses-sdk
23        android:minSdkVersion="14"
23-->MyApplication\tess-two\AndroidManifest.xml
24        android:targetSdkVersion="29" />
24-->MyApplication\tess-two\AndroidManifest.xml
25
26    <uses-permission android:name="android.permission.WRITE_EXTERNAL_STORAGE" />
26-->MyApplication\tess-two\AndroidManifest.xml:21:5-81
26-->MyApplication\tess-two\AndroidManifest.xml:21:22-78
27    <uses-permission android:name="android.permission.READ_EXTERNAL_STORAGE" />
27-->MyApplication\tess-two\AndroidManifest.xml:22:5-80
27-->MyApplication\tess-two\AndroidManifest.xml:22:22-77
28    <uses-permission android:name="android.permission.INTERNET" />
28-->MyApplication\tess-two\AndroidManifest.xml:23:5-66
28-->MyApplication\tess-two\AndroidManifest.xml:23:22-64
29
30</manifest>